<?xml version="1.0" encoding="UTF-8"?>
<!-- Generated by org.testng.reporters.JUnitReportReporter -->
<testsuite hostname="DESKTOP-RLQFFHC" failures="0" tests="1" name="com.EBankingTest.TestCase.TC_AddCustomerTest_003" time="14.941" errors="0" timestamp="2021-08-26T19:36:29 PKT" skipped="0">
  <testcase classname="com.EBankingTest.TestCase.TC_AddCustomerTest_003" name="addNewCustomer" time="14.941"/>
  <system-out/>
</testsuite> <!-- com.EBankingTest.TestCase.TC_AddCustomerTest_003 -->
