<?xml version="1.0" encoding="UTF-8"?>
<!-- Generated by org.testng.reporters.JUnitReportReporter -->
<testsuite hostname="DESKTOP-RLQFFHC" failures="0" tests="1" name="com.EBankingTest.TestCase.TC_LoginTest_001" time="1.381" errors="0" timestamp="2021-08-26T19:36:29 PKT" skipped="0">
  <testcase classname="com.EBankingTest.TestCase.TC_LoginTest_001" name="LoginTest" time="1.381"/>
  <system-out/>
</testsuite> <!-- com.EBankingTest.TestCase.TC_LoginTest_001 -->
