<?xml version="1.0" encoding="UTF-8"?>
<!-- Generated by org.testng.reporters.JUnitReportReporter -->
<testsuite hostname="DESKTOP-RLQFFHC" failures="0" tests="1" name="com.EBankingTest.TestCase.TC_AddCustomerTest_003" time="60.658" errors="0" timestamp="2021-08-25T20:41:35 PKT" skipped="0">
  <testcase classname="com.EBankingTest.TestCase.TC_AddCustomerTest_003" name="addNewCustomer" time="60.658"/>
  <system-out/>
</testsuite> <!-- com.EBankingTest.TestCase.TC_AddCustomerTest_003 -->
